<?xml version="1.0" encoding="UTF-8"?>
<!-- Generated by org.testng.reporters.JUnitReportReporter -->
<testsuite hostname="CuongPro" name="com.joomla.login.LoginSuccessfully" tests="1" failures="0" timestamp="25 Nov 2017 07:46:05 GMT" time="24.868" errors="0">
  <testcase name="TC_03_PublicArticlesSuccessfully" time="24.868" classname="com.joomla.login.LoginSuccessfully"/>
</testsuite> <!-- com.joomla.login.LoginSuccessfully -->
