<?xml version="1.0" encoding="UTF-8"?>
<!-- Generated by org.testng.reporters.JUnitReportReporter -->
<testsuite hostname="CuongPro" name="com.joomla.login.LoginSuccessfully" tests="1" failures="0" timestamp="19 Nov 2017 15:43:41 GMT" time="25.393" errors="0">
  <testcase name="TC_01_CreateArticlesSuccessfully" time="25.393" classname="com.joomla.login.LoginSuccessfully"/>
</testsuite> <!-- com.joomla.login.LoginSuccessfully -->
